<?xml version="1.0" encoding="UTF-8"?>
<!-- Generated by org.testng.reporters.JUnitXMLReporter -->
<testsuite hostname="INBLRWHF71883G2" name="Test" tests="6" failures="0" timestamp="24 Oct 2019 11:38:49 GMT" time="70.665" errors="0">
  <testcase name="login" time="4.034" classname="com.servicenow.testscripts.change.testscripts"/>
  <testcase name="createchange" time="4.009" classname="com.servicenow.testscripts.change.testscripts"/>
  <testcase name="searchchange" time="4.002" classname="com.servicenow.testscripts.change.testscripts"/>
  <testcase name="openinc" time="4.001" classname="com.servicenow.testscripts.incident.testinc"/>
  <testcase name="statepending" time="4.015" classname="com.servicenow.testscripts.incident.testinc"/>
  <testcase name="stateresolved" time="4.0" classname="com.servicenow.testscripts.incident.testinc"/>
</testsuite> <!-- Test -->
